[2023-08-12] [13:32:53] [Server thread/INFO]: Starting minecraft server version 1.7.10
[2023-08-12] [13:32:55] [Server thread/INFO]: Loading properties
[2023-08-12] [13:32:55] [Server thread/INFO]: Default game type: EDU
[2023-08-12] [13:32:55] [Server thread/INFO]: Generating keypair
[2023-08-12] [13:32:56] [Server thread/INFO]: Starting Minecraft server on *:25565
[2023-08-12] [13:32:56] [Server thread/INFO]: Preparing level "../worlds/tmpworld"
[2023-08-12] [13:32:56] [Server thread/INFO]: Preparing start region for level 0
[2023-08-12] [13:32:57] [Server thread/INFO]: Forge Framework has been loaded.
[2023-08-12] [13:32:57] [Server thread/INFO]: Forge Modloader has been loaded.
[2023-08-12] [13:32:57] [Server thread/INFO]: Loaded Forge Mod: MinecraftEdu
[2023-08-12] [13:32:57] [Server thread/INFO]: Loaded Forge Mod: ComputerCraft
[2023-08-12] [13:32:57] [Server thread/INFO]: Loaded Forge Mod: ComputerCraftEdu
[2023-08-12] [13:32:57] [Server thread/INFO]: Done (1,182s)! For help, type "help" or "?"
[2023-08-12] [13:32:57] [Server thread/INFO]: Saving is already turned on.
[2023-08-12] [13:33:06] [Server thread/INFO]: 132[/127.0.0.1:51166] logged in with entity id 12 at (169.5, 74.0, -732.5)
[2023-08-12] [13:33:06] [Server thread/INFO]: 132 joined the game
[2023-08-12] [13:33:59] [Server thread/INFO]: 132 lost connection: TextComponent{text='Disconnected', siblings=[], style=Style{hasParent=false, color=null, bold=null, italic=null, underlined=null, obfuscated=null, clickEvent=null, hoverEvent=null}}
[2023-08-12] [13:33:59] [Server thread/INFO]: 132 left the game
[2023-08-12] [13:34:06] [Server thread/INFO]: Stopping server
[2023-08-12] [13:34:06] [Server thread/INFO]: Saving players
[2023-08-12] [13:34:06] [Server thread/INFO]: Saving worlds
[2023-08-12] [13:34:06] [Server thread/INFO]: Saving chunks for level '../worlds/tmpworld'/Overworld
[2023-08-12] [13:34:06] [Server thread/INFO]: Saving chunks for level '../worlds/tmpworld'/Nether
[2023-08-12] [13:34:06] [Server thread/INFO]: Saving chunks for level '../worlds/tmpworld'/The End
