[2023-08-12] [12:48:21] [main/INFO]: Setting user: Player99034
[2023-08-12] [12:48:22] [Client thread/INFO]: LWJGL Version: 2.9.1
[2023-08-12] [12:48:32] [Client thread/INFO]: Reloading ResourceManager: Default, FMLFileResourcePack:Forge Mod Loader, FMLFileResourcePack:Minecraft Forge, FMLFileResourcePack:MinecraftEdu, FMLFileResourcePack:ComputerCraft, FMLFileResourcePack:ComputerCraftEdu, mcedu_resourcepack.zip
[2023-08-12] [12:48:33] [Client thread/WARN]: File minecraft:sounds/records/11.ogg does not exist, cannot add it to event minecraft:records.11
[2023-08-12] [12:48:33] [Client thread/WARN]: File minecraft:sounds/records/13.ogg does not exist, cannot add it to event minecraft:records.13
[2023-08-12] [12:48:33] [Client thread/WARN]: File minecraft:sounds/records/blocks.ogg does not exist, cannot add it to event minecraft:records.blocks
[2023-08-12] [12:48:33] [Client thread/WARN]: File minecraft:sounds/records/cat.ogg does not exist, cannot add it to event minecraft:records.cat
[2023-08-12] [12:48:33] [Client thread/WARN]: File minecraft:sounds/records/chirp.ogg does not exist, cannot add it to event minecraft:records.chirp
[2023-08-12] [12:48:33] [Client thread/WARN]: File minecraft:sounds/records/far.ogg does not exist, cannot add it to event minecraft:records.far
[2023-08-12] [12:48:33] [Client thread/WARN]: File minecraft:sounds/records/mall.ogg does not exist, cannot add it to event minecraft:records.mall
[2023-08-12] [12:48:33] [Client thread/WARN]: File minecraft:sounds/records/mellohi.ogg does not exist, cannot add it to event minecraft:records.mellohi
[2023-08-12] [12:48:33] [Client thread/WARN]: File minecraft:sounds/records/stal.ogg does not exist, cannot add it to event minecraft:records.stal
[2023-08-12] [12:48:33] [Client thread/WARN]: File minecraft:sounds/records/strad.ogg does not exist, cannot add it to event minecraft:records.strad
[2023-08-12] [12:48:33] [Client thread/WARN]: File minecraft:sounds/records/wait.ogg does not exist, cannot add it to event minecraft:records.wait
[2023-08-12] [12:48:33] [Client thread/WARN]: File minecraft:sounds/records/ward.ogg does not exist, cannot add it to event minecraft:records.ward
[2023-08-12] [12:48:33] [Client thread/WARN]: File minecraft:sounds/music/menu/menu1.ogg does not exist, cannot add it to event minecraft:music.menu
[2023-08-12] [12:48:33] [Client thread/WARN]: File minecraft:sounds/music/menu/menu2.ogg does not exist, cannot add it to event minecraft:music.menu
[2023-08-12] [12:48:33] [Client thread/WARN]: File minecraft:sounds/music/menu/menu3.ogg does not exist, cannot add it to event minecraft:music.menu
[2023-08-12] [12:48:33] [Client thread/WARN]: File minecraft:sounds/music/menu/menu4.ogg does not exist, cannot add it to event minecraft:music.menu
[2023-08-12] [12:48:33] [Client thread/WARN]: File minecraft:sounds/music/game/calm1.ogg does not exist, cannot add it to event minecraft:music.game
[2023-08-12] [12:48:33] [Client thread/WARN]: File minecraft:sounds/music/game/calm2.ogg does not exist, cannot add it to event minecraft:music.game
[2023-08-12] [12:48:33] [Client thread/WARN]: File minecraft:sounds/music/game/calm3.ogg does not exist, cannot add it to event minecraft:music.game
[2023-08-12] [12:48:33] [Client thread/WARN]: File minecraft:sounds/music/game/hal1.ogg does not exist, cannot add it to event minecraft:music.game
[2023-08-12] [12:48:33] [Client thread/WARN]: File minecraft:sounds/music/game/hal2.ogg does not exist, cannot add it to event minecraft:music.game
[2023-08-12] [12:48:33] [Client thread/WARN]: File minecraft:sounds/music/game/hal3.ogg does not exist, cannot add it to event minecraft:music.game
[2023-08-12] [12:48:33] [Client thread/WARN]: File minecraft:sounds/music/game/hal4.ogg does not exist, cannot add it to event minecraft:music.game
[2023-08-12] [12:48:33] [Client thread/WARN]: File minecraft:sounds/music/game/nuance1.ogg does not exist, cannot add it to event minecraft:music.game
[2023-08-12] [12:48:33] [Client thread/WARN]: File minecraft:sounds/music/game/nuance2.ogg does not exist, cannot add it to event minecraft:music.game
[2023-08-12] [12:48:33] [Client thread/WARN]: File minecraft:sounds/music/game/piano1.ogg does not exist, cannot add it to event minecraft:music.game
[2023-08-12] [12:48:33] [Client thread/WARN]: File minecraft:sounds/music/game/piano2.ogg does not exist, cannot add it to event minecraft:music.game
[2023-08-12] [12:48:33] [Client thread/WARN]: File minecraft:sounds/music/game/piano3.ogg does not exist, cannot add it to event minecraft:music.game
[2023-08-12] [12:48:33] [Client thread/WARN]: File minecraft:sounds/music/game/creative/creative1.ogg does not exist, cannot add it to event minecraft:music.game.creative
[2023-08-12] [12:48:33] [Client thread/WARN]: File minecraft:sounds/music/game/creative/creative2.ogg does not exist, cannot add it to event minecraft:music.game.creative
[2023-08-12] [12:48:33] [Client thread/WARN]: File minecraft:sounds/music/game/creative/creative3.ogg does not exist, cannot add it to event minecraft:music.game.creative
[2023-08-12] [12:48:33] [Client thread/WARN]: File minecraft:sounds/music/game/creative/creative4.ogg does not exist, cannot add it to event minecraft:music.game.creative
[2023-08-12] [12:48:33] [Client thread/WARN]: File minecraft:sounds/music/game/creative/creative5.ogg does not exist, cannot add it to event minecraft:music.game.creative
[2023-08-12] [12:48:33] [Client thread/WARN]: File minecraft:sounds/music/game/creative/creative6.ogg does not exist, cannot add it to event minecraft:music.game.creative
[2023-08-12] [12:48:33] [Client thread/WARN]: File minecraft:sounds/music/game/end/end.ogg does not exist, cannot add it to event minecraft:music.game.end
[2023-08-12] [12:48:33] [Client thread/WARN]: File minecraft:sounds/music/game/end/boss.ogg does not exist, cannot add it to event minecraft:music.game.end.dragon
[2023-08-12] [12:48:33] [Client thread/WARN]: File minecraft:sounds/music/game/end/credits.ogg does not exist, cannot add it to event minecraft:music.game.end.credits
[2023-08-12] [12:48:33] [Client thread/WARN]: File minecraft:sounds/music/game/nether/nether1.ogg does not exist, cannot add it to event minecraft:music.game.nether
[2023-08-12] [12:48:33] [Client thread/WARN]: File minecraft:sounds/music/game/nether/nether2.ogg does not exist, cannot add it to event minecraft:music.game.nether
[2023-08-12] [12:48:33] [Client thread/WARN]: File minecraft:sounds/music/game/nether/nether3.ogg does not exist, cannot add it to event minecraft:music.game.nether
[2023-08-12] [12:48:33] [Client thread/WARN]: File minecraft:sounds/music/game/nether/nether4.ogg does not exist, cannot add it to event minecraft:music.game.nether
[2023-08-12] [12:48:33] [Sound Library Loader/INFO]: Sound engine started
[2023-08-12] [12:48:33] [Client thread/INFO]: Created: 16x16 textures/blocks-atlas
[2023-08-12] [12:48:33] [Client thread/INFO]: Created: 16x16 textures/items-atlas
[2023-08-12] [12:48:34] [Client thread/INFO]: Reloading ResourceManager: Default, FMLFileResourcePack:Forge Mod Loader, FMLFileResourcePack:Minecraft Forge, FMLFileResourcePack:MinecraftEdu, FMLFileResourcePack:ComputerCraft, FMLFileResourcePack:ComputerCraftEdu, mcedu_resourcepack.zip
[2023-08-12] [12:48:35] [Client thread/INFO]: Created: 512x512 textures/blocks-atlas
[2023-08-12] [12:48:35] [Client thread/INFO]: Created: 512x256 textures/items-atlas
[2023-08-12] [12:48:36] [Client thread/WARN]: File minecraft:sounds/records/11.ogg does not exist, cannot add it to event minecraft:records.11
[2023-08-12] [12:48:36] [Client thread/WARN]: File minecraft:sounds/records/13.ogg does not exist, cannot add it to event minecraft:records.13
[2023-08-12] [12:48:36] [Client thread/WARN]: File minecraft:sounds/records/blocks.ogg does not exist, cannot add it to event minecraft:records.blocks
[2023-08-12] [12:48:36] [Client thread/WARN]: File minecraft:sounds/records/cat.ogg does not exist, cannot add it to event minecraft:records.cat
[2023-08-12] [12:48:36] [Client thread/WARN]: File minecraft:sounds/records/chirp.ogg does not exist, cannot add it to event minecraft:records.chirp
[2023-08-12] [12:48:36] [Client thread/WARN]: File minecraft:sounds/records/far.ogg does not exist, cannot add it to event minecraft:records.far
[2023-08-12] [12:48:36] [Client thread/WARN]: File minecraft:sounds/records/mall.ogg does not exist, cannot add it to event minecraft:records.mall
[2023-08-12] [12:48:36] [Client thread/WARN]: File minecraft:sounds/records/mellohi.ogg does not exist, cannot add it to event minecraft:records.mellohi
[2023-08-12] [12:48:36] [Client thread/WARN]: File minecraft:sounds/records/stal.ogg does not exist, cannot add it to event minecraft:records.stal
[2023-08-12] [12:48:36] [Client thread/WARN]: File minecraft:sounds/records/strad.ogg does not exist, cannot add it to event minecraft:records.strad
[2023-08-12] [12:48:36] [Client thread/WARN]: File minecraft:sounds/records/wait.ogg does not exist, cannot add it to event minecraft:records.wait
[2023-08-12] [12:48:36] [Client thread/WARN]: File minecraft:sounds/records/ward.ogg does not exist, cannot add it to event minecraft:records.ward
[2023-08-12] [12:48:36] [Client thread/WARN]: File minecraft:sounds/music/menu/menu1.ogg does not exist, cannot add it to event minecraft:music.menu
[2023-08-12] [12:48:36] [Client thread/WARN]: File minecraft:sounds/music/menu/menu2.ogg does not exist, cannot add it to event minecraft:music.menu
[2023-08-12] [12:48:36] [Client thread/WARN]: File minecraft:sounds/music/menu/menu3.ogg does not exist, cannot add it to event minecraft:music.menu
[2023-08-12] [12:48:36] [Client thread/WARN]: File minecraft:sounds/music/menu/menu4.ogg does not exist, cannot add it to event minecraft:music.menu
[2023-08-12] [12:48:36] [Client thread/WARN]: File minecraft:sounds/music/game/calm1.ogg does not exist, cannot add it to event minecraft:music.game
[2023-08-12] [12:48:36] [Client thread/WARN]: File minecraft:sounds/music/game/calm2.ogg does not exist, cannot add it to event minecraft:music.game
[2023-08-12] [12:48:36] [Client thread/WARN]: File minecraft:sounds/music/game/calm3.ogg does not exist, cannot add it to event minecraft:music.game
[2023-08-12] [12:48:36] [Client thread/WARN]: File minecraft:sounds/music/game/hal1.ogg does not exist, cannot add it to event minecraft:music.game
[2023-08-12] [12:48:36] [Client thread/WARN]: File minecraft:sounds/music/game/hal2.ogg does not exist, cannot add it to event minecraft:music.game
[2023-08-12] [12:48:36] [Client thread/WARN]: File minecraft:sounds/music/game/hal3.ogg does not exist, cannot add it to event minecraft:music.game
[2023-08-12] [12:48:36] [Client thread/WARN]: File minecraft:sounds/music/game/hal4.ogg does not exist, cannot add it to event minecraft:music.game
[2023-08-12] [12:48:36] [Client thread/WARN]: File minecraft:sounds/music/game/nuance1.ogg does not exist, cannot add it to event minecraft:music.game
[2023-08-12] [12:48:36] [Client thread/WARN]: File minecraft:sounds/music/game/nuance2.ogg does not exist, cannot add it to event minecraft:music.game
[2023-08-12] [12:48:36] [Client thread/WARN]: File minecraft:sounds/music/game/piano1.ogg does not exist, cannot add it to event minecraft:music.game
[2023-08-12] [12:48:36] [Client thread/WARN]: File minecraft:sounds/music/game/piano2.ogg does not exist, cannot add it to event minecraft:music.game
[2023-08-12] [12:48:36] [Client thread/WARN]: File minecraft:sounds/music/game/piano3.ogg does not exist, cannot add it to event minecraft:music.game
[2023-08-12] [12:48:36] [Client thread/WARN]: File minecraft:sounds/music/game/creative/creative1.ogg does not exist, cannot add it to event minecraft:music.game.creative
[2023-08-12] [12:48:36] [Client thread/WARN]: File minecraft:sounds/music/game/creative/creative2.ogg does not exist, cannot add it to event minecraft:music.game.creative
[2023-08-12] [12:48:36] [Client thread/WARN]: File minecraft:sounds/music/game/creative/creative3.ogg does not exist, cannot add it to event minecraft:music.game.creative
[2023-08-12] [12:48:36] [Client thread/WARN]: File minecraft:sounds/music/game/creative/creative4.ogg does not exist, cannot add it to event minecraft:music.game.creative
[2023-08-12] [12:48:36] [Client thread/WARN]: File minecraft:sounds/music/game/creative/creative5.ogg does not exist, cannot add it to event minecraft:music.game.creative
[2023-08-12] [12:48:36] [Client thread/WARN]: File minecraft:sounds/music/game/creative/creative6.ogg does not exist, cannot add it to event minecraft:music.game.creative
[2023-08-12] [12:48:36] [Client thread/WARN]: File minecraft:sounds/music/game/end/end.ogg does not exist, cannot add it to event minecraft:music.game.end
[2023-08-12] [12:48:36] [Client thread/WARN]: File minecraft:sounds/music/game/end/boss.ogg does not exist, cannot add it to event minecraft:music.game.end.dragon
[2023-08-12] [12:48:36] [Client thread/WARN]: File minecraft:sounds/music/game/end/credits.ogg does not exist, cannot add it to event minecraft:music.game.end.credits
[2023-08-12] [12:48:36] [Client thread/WARN]: File minecraft:sounds/music/game/nether/nether1.ogg does not exist, cannot add it to event minecraft:music.game.nether
[2023-08-12] [12:48:36] [Client thread/WARN]: File minecraft:sounds/music/game/nether/nether2.ogg does not exist, cannot add it to event minecraft:music.game.nether
[2023-08-12] [12:48:36] [Client thread/WARN]: File minecraft:sounds/music/game/nether/nether3.ogg does not exist, cannot add it to event minecraft:music.game.nether
[2023-08-12] [12:48:36] [Client thread/WARN]: File minecraft:sounds/music/game/nether/nether4.ogg does not exist, cannot add it to event minecraft:music.game.nether
[2023-08-12] [12:48:36] [Sound Library Loader/INFO]: Sound engine started
[2023-08-12] [12:48:52] [Client thread/INFO]: Connecting to localhost, 25565
[2023-08-12] [12:48:53] [Client thread/INFO]: [CHAT] Press M to open teacher menu.
[2023-08-12] [12:48:53] [Client thread/INFO]: [CHAT] §6Welcome to MinecraftEdu! You logged in as a teacher.
[2023-08-12] [12:48:53] [Client thread/INFO]: [CHAT] §6This is the MinecraftEdu Tutorial World. Have fun!
[2023-08-12] [12:48:58] [Client thread/INFO]: [CHAT] §2Your own creative mode has been enabled.
[2023-08-12] [12:51:17] [Client thread/INFO]: [CHAT] §2Build mode has been enabled.
[2023-08-12] [12:51:17] [Client thread/INFO]: [CHAT] You can toggle between build modes by pressing left ctrl.
[2023-08-12] [12:51:17] [Client thread/INFO]: [CHAT] You can change the distance with mouse scroll or by pressing +/-.
[2023-08-12] [12:54:35] [Client thread/INFO]: [CHAT] §cBuild mode has been disabled.
[2023-08-12] [12:55:35] [Client thread/INFO]: Warning: Clientside chunk ticking took 144 ms
[2023-08-12] [12:55:38] [Client thread/INFO]: Warning: Clientside chunk ticking took 125 ms
[2023-08-12] [12:55:38] [Client thread/INFO]: Warning: Clientside chunk ticking took 106 ms
[2023-08-12] [12:55:40] [Client thread/INFO]: Warning: Clientside chunk ticking took 161 ms
[2023-08-12] [12:55:40] [Client thread/INFO]: Warning: Clientside chunk ticking took 114 ms
[2023-08-12] [12:55:43] [Client thread/INFO]: Warning: Clientside chunk ticking took 119 ms
[2023-08-12] [12:56:36] [Client thread/INFO]: [CHAT] Hint: You can tap forward button (w) two times to run.
[2023-08-12] [12:56:44] [Client thread/INFO]: [CHAT] §2Build mode has been enabled.
[2023-08-12] [12:56:44] [Client thread/INFO]: [CHAT] You can toggle between build modes by pressing left ctrl.
[2023-08-12] [12:56:44] [Client thread/INFO]: [CHAT] You can change the distance with mouse scroll or by pressing +/-.
[2023-08-12] [12:58:31] [Client thread/INFO]: [CHAT] You need a Turtle Remote Control!
[2023-08-12] [12:58:35] [Client thread/INFO]: [CHAT] You picked up a Turtle Remote Control!
[2023-08-12] [13:12:31] [Client thread/INFO]: Warning: Clientside chunk ticking took 113 ms
[2023-08-12] [13:13:21] [Client thread/INFO]: [CHAT] Hint: You can tap forward button (w) two times to run.
[2023-08-12] [13:25:18] [Client thread/INFO]: [CHAT] §cBuild mode has been disabled.
[2023-08-12] [13:30:06] [Client thread/INFO]: [CHAT] Hint: You can tap forward button (w) two times to run.
[2023-08-12] [13:31:58] [Client thread/INFO]: [CHAT] [Server: Saved the world]
[2023-08-12] [13:32:08] [Client thread/INFO]: [CHAT] [Server: Stopping the server]
[2023-08-12] [13:33:06] [Client thread/INFO]: Connecting to localhost, 25565
[2023-08-12] [13:33:06] [Client thread/INFO]: [CHAT] §6Welcome to MinecraftEdu!
[2023-08-12] [13:33:06] [Client thread/INFO]: [CHAT] §6This is the MinecraftEdu Tutorial World. Have fun!
[2023-08-12] [13:33:15] [Client thread/INFO]: [CHAT] You cannot dig here
[2023-08-12] [13:33:15] [Client thread/INFO]: [CHAT] You cannot dig here
[2023-08-12] [13:33:15] [Client thread/INFO]: [CHAT] You cannot dig here
[2023-08-12] [13:33:15] [Client thread/INFO]: [CHAT] You cannot dig here
[2023-08-12] [13:33:16] [Client thread/INFO]: [CHAT] You cannot dig here
[2023-08-12] [13:33:16] [Client thread/INFO]: [CHAT] You cannot dig here
[2023-08-12] [13:33:16] [Client thread/INFO]: [CHAT] You cannot dig here
[2023-08-12] [13:33:16] [Client thread/INFO]: [CHAT] You cannot dig here
[2023-08-12] [13:33:17] [Client thread/INFO]: [CHAT] You cannot dig here
[2023-08-12] [13:33:17] [Client thread/INFO]: [CHAT] You cannot dig here
[2023-08-12] [13:33:37] [Client thread/INFO]: [CHAT] You can't go there
[2023-08-12] [13:34:01] [Client thread/INFO]: Stopping!
